This is pdfTeX, Version 3.1415926-2.3-1.40.12 (MiKTeX 2.9) (preloaded format=pdflatex 2018.4.11)  7 DEC 2019 01:01
entering extended mode
**C:/Users/guozhong/Pictures/莎莎/project/project/ShashaHW.tex
(C:/Users/guozhong/Pictures/莎莎/project/project/ShashaHW.tex
LaTeX2e <2011/06/27>
Babel <v3.8m> and hyphenation patterns for loaded.
(C:\Users\guozhong\CTEX\MiKTeX\tex\latex\base\article.cls
Document Class: article 2007/10/19 v1.4h Standard LaTeX document class
(C:\Users\guozhong\CTEX\MiKTeX\tex\latex\base\size10.clo
File: size10.clo 2007/10/19 v1.4h Standard LaTeX file (size option)
)
\c@part=\count79
\c@section=\count80
\c@subsection=\count81
\c@subsubsection=\count82
\c@paragraph=\count83
\c@subparagraph=\count84
\c@figure=\count85
\c@table=\count86
\abovecaptionskip=\skip41
\belowcaptionskip=\skip42
\bibindent=\dimen102
)
(C:\Users\guozhong\CTEX\MiKTeX\tex\latex\ltxmisc\url.sty
\Urlmuskip=\muskip10
Package: url 2006/04/12  ver 3.3  Verb mode for urls, etc.
)
(C:\Users\guozhong\CTEX\MiKTeX\tex\latex\amsfonts\amssymb.sty
Package: amssymb 2009/06/22 v3.00

(C:\Users\guozhong\CTEX\MiKTeX\tex\latex\amsfonts\amsfonts.sty
Package: amsfonts 2009/06/22 v3.00 Basic AMSFonts support
\@emptytoks=\toks14
\symAMSa=\mathgroup4
\symAMSb=\mathgroup5
LaTeX Font Info:    Overwriting math alphabet `\mathfrak' in version `bold'
(Font)                  U/euf/m/n --> U/euf/b/n on input line 96.
))
(C:\Users\guozhong\CTEX\MiKTeX\tex\latex\harvard\harvard.sty
Package: harvard 

(C:\Users\guozhong\CTEX\MiKTeX\tex\latex\base\ifthen.sty
Package: ifthen 2001/05/26 v1.1c Standard LaTeX ifthen package (DPC)
)
(C:\Users\guozhong\CTEX\MiKTeX\tex\latex\latex2html\html.sty
(C:\Users\guozhong\CTEX\MiKTeX\tex\latex\hyperref\hyperref.sty
Package: hyperref 2012/02/06 v6.82o Hypertext links for LaTeX

(C:\Users\guozhong\CTEX\MiKTeX\tex\generic\oberdiek\hobsub-hyperref.sty
Package: hobsub-hyperref 2011/04/23 v1.4 Bundle oberdiek, subset hyperref (HO)

(C:\Users\guozhong\CTEX\MiKTeX\tex\generic\oberdiek\hobsub-generic.sty
Package: hobsub-generic 2011/04/23 v1.4 Bundle oberdiek, subset generic (HO)
Package: hobsub 2011/04/23 v1.4 Subsetting bundle oberdiek (HO)
Package: infwarerr 2010/04/08 v1.3 Providing info/warning/message (HO)
Package: ltxcmds 2011/04/18 v1.20 LaTeX kernel commands for general use (HO)
Package: ifluatex 2010/03/01 v1.3 Provides the ifluatex switch (HO)
Package ifluatex Info: LuaTeX not detected.
Package: ifvtex 2010/03/01 v1.5 Switches for detecting VTeX and its modes (HO)
Package ifvtex Info: VTeX not detected.
Package: intcalc 2007/09/27 v1.1 Expandable integer calculations (HO)
Package: ifpdf 2011/01/30 v2.3 Provides the ifpdf switch (HO)
Package ifpdf Info: pdfTeX in PDF mode is detected.
Package: etexcmds 2011/02/16 v1.5 Prefix for e-TeX command names (HO)
Package etexcmds Info: Could not find \expanded.
(etexcmds)             That can mean that you are not using pdfTeX 1.50 or
(etexcmds)             that some package has redefined \expanded.
(etexcmds)             In the latter case, load this package earlier.
Package: kvsetkeys 2011/04/07 v1.13 Key value parser (HO)
Package: kvdefinekeys 2011/04/07 v1.3 Defining keys (HO)
Package: pdftexcmds 2011/04/22 v0.16 Utilities of pdfTeX for LuaTeX (HO)
Package pdftexcmds Info: LuaTeX not detected.
Package pdftexcmds Info: \pdf@primitive is available.
Package pdftexcmds Info: \pdf@ifprimitive is available.
Package pdftexcmds Info: \pdfdraftmode found.
Package: pdfescape 2011/04/04 v1.12 Provides string conversions (HO)
Package: bigintcalc 2011/01/30 v1.2 Expandable big integer calculations (HO)
Package: bitset 2011/01/30 v1.1 Data type bit set (HO)
Package: uniquecounter 2011/01/30 v1.2 Provides unlimited unique counter (HO)
)
Package hobsub Info: Skipping package `hobsub' (already loaded).
Package: letltxmacro 2010/09/02 v1.4 Let assignment for LaTeX macros (HO)
Package: hopatch 2011/01/30 v1.0 Wrapper for package hooks (HO)
Package: xcolor-patch 2011/01/30 xcolor patch
Package: atveryend 2011/04/23 v1.7 Hooks at very end of document (HO)
Package: atbegshi 2011/01/30 v1.15 At begin shipout hook (HO)
Package: refcount 2010/12/01 v3.2 Data extraction from references (HO)
Package: hycolor 2011/01/30 v1.7 Color options of hyperref/bookmark (HO)
)
(C:\Users\guozhong\CTEX\MiKTeX\tex\latex\graphics\keyval.sty
Package: keyval 1999/03/16 v1.13 key=value parser (DPC)
\KV@toks@=\toks15
)
(C:\Users\guozhong\CTEX\MiKTeX\tex\generic\ifxetex\ifxetex.sty
Package: ifxetex 2010/09/12 v0.6 Provides ifxetex conditional
)
(C:\Users\guozhong\CTEX\MiKTeX\tex\latex\oberdiek\kvoptions.sty
Package: kvoptions 2010/12/23 v3.10 Keyval support for LaTeX options (HO)
)
\@linkdim=\dimen103
\Hy@linkcounter=\count87
\Hy@pagecounter=\count88

(C:\Users\guozhong\CTEX\MiKTeX\tex\latex\hyperref\pd1enc.def
File: pd1enc.def 2012/02/06 v6.82o Hyperref: PDFDocEncoding definition (HO)
)
\Hy@SavedSpaceFactor=\count89

(C:\Users\guozhong\CTEX\MiKTeX\tex\latex\00miktex\hyperref.cfg
File: hyperref.cfg 2002/06/06 v1.2 hyperref configuration of TeXLive
)
Package hyperref Info: Hyper figures OFF on input line 4046.
Package hyperref Info: Link nesting OFF on input line 4051.
Package hyperref Info: Hyper index ON on input line 4054.
Package hyperref Info: Plain pages OFF on input line 4061.
Package hyperref Info: Backreferencing OFF on input line 4066.
Package hyperref Info: Implicit mode ON; LaTeX internals redefined.
Package hyperref Info: Bookmarks ON on input line 4284.
\c@Hy@tempcnt=\count90
LaTeX Info: Redefining \url on input line 4637.
\Fld@menulength=\count91
\Field@Width=\dimen104
\Fld@charsize=\dimen105
Package hyperref Info: Hyper figures OFF on input line 5757.
Package hyperref Info: Link nesting OFF on input line 5762.
Package hyperref Info: Hyper index ON on input line 5765.
Package hyperref Info: backreferencing OFF on input line 5772.
Package hyperref Info: Link coloring OFF on input line 5777.
Package hyperref Info: Link coloring with OCG OFF on input line 5782.
Package hyperref Info: PDF/A mode OFF on input line 5787.
LaTeX Info: Redefining \ref on input line 5827.
LaTeX Info: Redefining \pageref on input line 5831.
\Hy@abspage=\count92
\c@Item=\count93
\c@Hfootnote=\count94
)

Package hyperref Message: Driver (autodetected): hpdftex.

(C:\Users\guozhong\CTEX\MiKTeX\tex\latex\hyperref\hpdftex.def
File: hpdftex.def 2012/02/06 v6.82o Hyperref driver for pdfTeX
\Fld@listcount=\count95
\c@bookmark@seq@number=\count96

(C:\Users\guozhong\CTEX\MiKTeX\tex\latex\oberdiek\rerunfilecheck.sty
Package: rerunfilecheck 2011/04/15 v1.7 Rerun checks for auxiliary files (HO)
Package uniquecounter Info: New unique counter `rerunfilecheck' on input line 2
82.
)
\Hy@SectionHShift=\skip43
)
Package: html 1999/07/19 v1.38 hypertext commands for latex2html (nd, hws, rrm)

\c@lpart=\count97
\c@lchapter=\count98
\c@chapter=\count99
\c@lsection=\count100
\c@lsubsection=\count101
\c@lsubsubsection=\count102
\c@lparagraph=\count103
\c@lsubparagraph=\count104
\c@lsubsubparagraph=\count105
\ptrfile=\write3
))
(C:\Users\guozhong\CTEX\MiKTeX\tex\latex\graphics\graphicx.sty
Package: graphicx 1999/02/16 v1.0f Enhanced LaTeX Graphics (DPC,SPQR)

(C:\Users\guozhong\CTEX\MiKTeX\tex\latex\graphics\graphics.sty
Package: graphics 2009/02/05 v1.0o Standard LaTeX Graphics (DPC,SPQR)

(C:\Users\guozhong\CTEX\MiKTeX\tex\latex\graphics\trig.sty
Package: trig 1999/03/16 v1.09 sin cos tan (DPC)
)
(C:\Users\guozhong\CTEX\MiKTeX\tex\latex\00miktex\graphics.cfg
File: graphics.cfg 2007/01/18 v1.5 graphics configuration of teTeX/TeXLive
)
Package graphics Info: Driver file: pdftex.def on input line 91.

(C:\Users\guozhong\CTEX\MiKTeX\tex\latex\pdftex-def\pdftex.def
File: pdftex.def 2011/05/27 v0.06d Graphics/color for pdfTeX
\Gread@gobject=\count106
))
\Gin@req@height=\dimen106
\Gin@req@width=\dimen107
)
(C:\Users\guozhong\CTEX\MiKTeX\tex\latex\ams\math\amsmath.sty
Package: amsmath 2000/07/18 v2.13 AMS math features
\@mathmargin=\skip44

For additional information on amsmath, use the `?' option.
(C:\Users\guozhong\CTEX\MiKTeX\tex\latex\ams\math\amstext.sty
Package: amstext 2000/06/29 v2.01

(C:\Users\guozhong\CTEX\MiKTeX\tex\latex\ams\math\amsgen.sty
File: amsgen.sty 1999/11/30 v2.0
\@emptytoks=\toks16
\ex@=\dimen108
))
(C:\Users\guozhong\CTEX\MiKTeX\tex\latex\ams\math\amsbsy.sty
Package: amsbsy 1999/11/29 v1.2d
\pmbraise@=\dimen109
)
(C:\Users\guozhong\CTEX\MiKTeX\tex\latex\ams\math\amsopn.sty
Package: amsopn 1999/12/14 v2.01 operator names
)
\inf@bad=\count107
LaTeX Info: Redefining \frac on input line 211.
\uproot@=\count108
\leftroot@=\count109
LaTeX Info: Redefining \overline on input line 307.
\classnum@=\count110
\DOTSCASE@=\count111
LaTeX Info: Redefining \ldots on input line 379.
LaTeX Info: Redefining \dots on input line 382.
LaTeX Info: Redefining \cdots on input line 467.
\Mathstrutbox@=\box26
\strutbox@=\box27
\big@size=\dimen110
LaTeX Font Info:    Redeclaring font encoding OML on input line 567.
LaTeX Font Info:    Redeclaring font encoding OMS on input line 568.
\macc@depth=\count112
\c@MaxMatrixCols=\count113
\dotsspace@=\muskip11
\c@parentequation=\count114
\dspbrk@lvl=\count115
\tag@help=\toks17
\row@=\count116
\column@=\count117
\maxfields@=\count118
\andhelp@=\toks18
\eqnshift@=\dimen111
\alignsep@=\dimen112
\tagshift@=\dimen113
\tagwidth@=\dimen114
\totwidth@=\dimen115
\lineht@=\dimen116
\@envbody=\toks19
\multlinegap=\skip45
\multlinetaggap=\skip46
\mathdisplay@stack=\toks20
LaTeX Info: Redefining \[ on input line 2666.
LaTeX Info: Redefining \] on input line 2667.
)

LaTeX Warning: Unused global option(s):
    [thmsa].

(C:\Users\guozhong\Pictures\莎莎\project\project\ShashaHW.aux)
LaTeX Font Info:    Checking defaults for OML/cmm/m/it on input line 16.
LaTeX Font Info:    ... okay on input line 16.
LaTeX Font Info:    Checking defaults for T1/cmr/m/n on input line 16.
LaTeX Font Info:    ... okay on input line 16.
LaTeX Font Info:    Checking defaults for OT1/cmr/m/n on input line 16.
LaTeX Font Info:    ... okay on input line 16.
LaTeX Font Info:    Checking defaults for OMS/cmsy/m/n on input line 16.
LaTeX Font Info:    ... okay on input line 16.
LaTeX Font Info:    Checking defaults for OMX/cmex/m/n on input line 16.
LaTeX Font Info:    ... okay on input line 16.
LaTeX Font Info:    Checking defaults for U/cmr/m/n on input line 16.
LaTeX Font Info:    ... okay on input line 16.
LaTeX Font Info:    Checking defaults for PD1/pdf/m/n on input line 16.
LaTeX Font Info:    ... okay on input line 16.
\AtBeginShipoutBox=\box28
Package hyperref Info: Link coloring OFF on input line 16.

(C:\Users\guozhong\CTEX\MiKTeX\tex\latex\hyperref\nameref.sty
Package: nameref 2010/04/30 v2.40 Cross-referencing by name of section

(C:\Users\guozhong\CTEX\MiKTeX\tex\generic\oberdiek\gettitlestring.sty
Package: gettitlestring 2010/12/03 v1.4 Cleanup title references (HO)
)
\c@section@level=\count119
)
LaTeX Info: Redefining \ref on input line 16.
LaTeX Info: Redefining \pageref on input line 16.
LaTeX Info: Redefining \nameref on input line 16.

(C:\Users\guozhong\Pictures\莎莎\project\project\ShashaHW.out)
(C:\Users\guozhong\Pictures\莎莎\project\project\ShashaHW.out)
\@outlinefile=\write4
Package hyperref Info: *** compatibility with harvard ****  on input line 16.

(C:\Users\guozhong\CTEX\MiKTeX\tex\context\base\supp-pdf.mkii
[Loading MPS to PDF converter (version 2006.09.02).]
\scratchcounter=\count120
\scratchdimen=\dimen117
\scratchbox=\box29
\nofMPsegments=\count121
\nofMParguments=\count122
\everyMPshowfont=\toks21
\MPscratchCnt=\count123
\MPscratchDim=\dimen118
\MPnumerator=\count124
\makeMPintoPDFobject=\count125
\everyMPtoPDFconversion=\toks22
)
LaTeX Font Info:    Try loading font information for U+msa on input line 25.
 (C:\Users\guozhong\CTEX\MiKTeX\tex\latex\amsfonts\umsa.fd
File: umsa.fd 2009/06/22 v3.00 AMS symbols A
)
LaTeX Font Info:    Try loading font information for U+msb on input line 25.

(C:\Users\guozhong\CTEX\MiKTeX\tex\latex\amsfonts\umsb.fd
File: umsb.fd 2009/06/22 v3.00 AMS symbols B
)
<./figs/value.png, id=35, 963.6pt x 518.53725pt>
File: ./figs/value.png Graphic file (type png)
 <use ./figs/value.png>
Package pdftex.def Info: ./figs/value.png used on input line 65.
(pdftex.def)             Requested size: 341.43306pt x 183.7299pt.

<./figs/consumption.png, id=37, 961.79324pt x 514.92375pt>
File: ./figs/consumption.png Graphic file (type png)

<use ./figs/consumption.png>
Package pdftex.def Info: ./figs/consumption.png used on input line 70.
(pdftex.def)             Requested size: 341.43306pt x 182.79527pt.

<./figs/asset.png, id=38, 972.0315pt x 519.1395pt>
File: ./figs/asset.png Graphic file (type png)
 <use ./figs/asset.png>
Package pdftex.def Info: ./figs/asset.png used on input line 75.
(pdftex.def)             Requested size: 341.43306pt x 182.35109pt.

<./figs/simulation.png, id=39, 961.191pt x 513.71925pt>
File: ./figs/simulation.png Graphic file (type png)

<use ./figs/simulation.png>
Package pdftex.def Info: ./figs/simulation.png used on input line 80.
(pdftex.def)             Requested size: 341.43306pt x 182.47743pt.


LaTeX Warning: `!h' float specifier changed to `!ht'.


LaTeX Warning: `!h' float specifier changed to `!ht'.


LaTeX Warning: `!h' float specifier changed to `!ht'.


LaTeX Warning: `!h' float specifier changed to `!ht'.

[1

{C:/Users/guozhong/CTEX/UserData/pdftex/config/pdftex.map{Unicode.sfd}{UGBK.sfd
}}pdfTeX warning (ext4): destination with the same identifier (name{equation.1.
1}) has been already used, duplicate ignored

\AtBegShi@Output ...ipout \box \AtBeginShipoutBox 
                                                  \fi \fi 
l.85 
     ] [2 <C:/Users/guozhong/Pictures/莎莎/project/project/figs/value.png> <C
:/Users/guozhong/Pictures/莎莎/project/project/figs/consumption.png>]
<./figs/consumptionT.png, id=65, 947.9415pt x 519.1395pt>
File: ./figs/consumptionT.png Graphic file (type png)

<use ./figs/consumptionT.png>
Package pdftex.def Info: ./figs/consumptionT.png used on input line 93.
(pdftex.def)             Requested size: 341.43306pt x 186.98512pt.


LaTeX Warning: `!h' float specifier changed to `!ht'.

[3 <C:/Users/guozhong/Pictures/莎莎/project/project/figs/asset.png> <C:/Users
/guozhong/Pictures/莎莎/project/project/figs/simulation.png>]
<./figs/simulationT.png, id=77, 956.97525pt x 518.53725pt>
File: ./figs/simulationT.png Graphic file (type png)

<use ./figs/simulationT.png>
Package pdftex.def Info: ./figs/simulationT.png used on input line 106.
(pdftex.def)             Requested size: 341.43306pt x 185.00378pt.
 <./figs/hump.png, id=80, 943.1235pt x 515.526pt>
File: ./figs/hump.png Graphic file (type png)

<use ./figs/hump.png>
Package pdftex.def Info: ./figs/hump.png used on input line 117.
(pdftex.def)             Requested size: 256.0748pt x 139.97264pt.
 [4 <C:/Users/guozhong/Pictures/莎莎/project/project/figs/consumptionT.png> <
C:/Users/guozhong/Pictures/莎莎/project/project/figs/simulationT.png>] <./fig
s/consinsurance.png, id=90, 934.692pt x 486.618pt>
File: ./figs/consinsurance.png Graphic file (type png)

<use ./figs/consinsurance.png>
Package pdftex.def Info: ./figs/consinsurance.png used on input line 134.
(pdftex.def)             Requested size: 284.52756pt x 148.12497pt.
Package atveryend Info: Empty hook `BeforeClearDocument' on input line 141.
 [5 <C:/Users/guozhong/Pictures/莎莎/project/project/figs/hump.png> <C:/Users
/guozhong/Pictures/莎莎/project/project/figs/consinsurance.png>] [6]
Package atveryend Info: Empty hook `AfterLastShipout' on input line 141.

(C:\Users\guozhong\Pictures\莎莎\project\project\ShashaHW.aux)
Package atveryend Info: Executing hook `AtVeryEndDocument' on input line 141.
Package atveryend Info: Executing hook `AtEndAfterFileList' on input line 141.
Package rerunfilecheck Info: File `ShashaHW.out' has not changed.
(rerunfilecheck)             Checksum: E8CBC87E80C96CE495581ED47594D47C;544.
 ) 
Here is how much of TeX's memory you used:
 6142 strings out of 495354
 86693 string characters out of 3183019
 167439 words of memory out of 3000000
 9234 multiletter control sequences out of 15000+200000
 11195 words of font info for 44 fonts, out of 3000000 for 9000
 14 hyphenation exceptions out of 8191
 44i,11n,28p,575b,349s stack positions out of 5000i,500n,10000p,200000b,50000s
<C:/Users/guozhong/CTEX/MiKTeX/fonts/type1/public/amsfonts/cm/cmbx12.pfb><C:/
Users/guozhong/CTEX/MiKTeX/fonts/type1/public/amsfonts/cm/cmmi10.pfb><C:/Users/
guozhong/CTEX/MiKTeX/fonts/type1/public/amsfonts/cm/cmmi7.pfb><C:/Users/guozhon
g/CTEX/MiKTeX/fonts/type1/public/amsfonts/cm/cmr10.pfb><C:/Users/guozhong/CTEX/
MiKTeX/fonts/type1/public/amsfonts/cm/cmr12.pfb><C:/Users/guozhong/CTEX/MiKTeX/
fonts/type1/public/amsfonts/cm/cmr17.pfb><C:/Users/guozhong/CTEX/MiKTeX/fonts/t
ype1/public/amsfonts/cm/cmsy5.pfb><C:/Users/guozhong/CTEX/MiKTeX/fonts/type1/pu
blic/amsfonts/cm/cmsy7.pfb>
Output written on ShashaHW.pdf (6 pages, 1330158 bytes).
PDF statistics:
 135 PDF objects out of 1000 (max. 8388607)
 25 named destinations out of 1000 (max. 500000)
 105 words of extra memory for PDF output out of 10000 (max. 10000000)

